<?xml version="1.0" encoding="UTF-8"?>
<testsuite xmlns:xsi="http://www.w3.org/2001/XMLSchema-instance" xsi:noNamespaceSchemaLocation="https://maven.apache.org/surefire/maven-surefire-plugin/xsd/surefire-test-report.xsd" name="WindowTest" time="1.005" tests="3" errors="0" skipped="0" failures="0">
  <properties>
[...]
</properties>
  <testcase name="savetest" classname="WindowTest" time="0.998"/>
  <testcase name="openFile" classname="WindowTest" time="0"/>
  <testcase name="saveAspdf" classname="WindowTest" time="0.001"/>
</testsuite>